<?xml version="1.0" encoding="UTF-8"?>
<!-- Generated by org.testng.reporters.JUnitReportReporter -->
<testsuite hostname="MIVICS" failures="0" tests="2" name="com.Headless.BrokenLinkTextHeadless" time="22.744" errors="0" timestamp="2024-05-30T14:54:24 WAT" skipped="0">
  <testcase classname="com.Headless.BrokenLinkTextHeadless" name="verifyBrokenLinksHeadless" time="22.685"/>
  <testcase classname="com.Headless.BrokenLinkTextHeadless" name="getLinks" time="0.059"/>
</testsuite> <!-- com.Headless.BrokenLinkTextHeadless -->
