<?xml version="1.0" encoding="UTF-8"?>
<!-- Generated by org.testng.reporters.JUnitReportReporter -->
<testsuite hostname="MIVICS" failures="0" tests="1" name="com.MavenTestPackage.BrokenLinkTextChrome" time="1.420" errors="0" timestamp="2024-05-30T11:43:26 WAT" skipped="0">
  <testcase classname="com.MavenTestPackage.BrokenLinkTextChrome" name="getLinks" time="1.420"/>
</testsuite> <!-- com.MavenTestPackage.BrokenLinkTextChrome -->
