<?xml version="1.0" encoding="UTF-8"?>
<!-- Generated by org.testng.reporters.JUnitReportReporter -->
<testsuite hostname="MIVICS" failures="0" tests="2" name="com.MavenTestPackage.BrokenLinkTextFireFox" time="19.869" errors="0" timestamp="2024-05-30T13:55:36 WAT" skipped="0">
  <testcase classname="com.MavenTestPackage.BrokenLinkTextFireFox" name="getLinks" time="0.886"/>
  <testcase classname="com.MavenTestPackage.BrokenLinkTextFireFox" name="verifyBrokenLinksFireFox" time="18.983"/>
</testsuite> <!-- com.MavenTestPackage.BrokenLinkTextFireFox -->
