<?xml version="1.0" encoding="UTF-8"?>
<!-- Generated by org.testng.reporters.JUnitReportReporter -->
<testsuite hostname="MIVICS" failures="0" tests="1" name="com.MavenTestPackage.VerifyBrokenLink" time="0.012" errors="0" timestamp="2024-05-29T00:24:30 WAT" skipped="0">
  <testcase classname="com.MavenTestPackage.VerifyBrokenLink" name="getLinks" time="0.012"/>
</testsuite> <!-- com.MavenTestPackage.VerifyBrokenLink -->
