<?xml version="1.0" encoding="UTF-8"?>
<!-- Generated by org.testng.reporters.JUnitReportReporter -->
<testsuite hostname="MIVICS" failures="0" tests="1" name="com.MavenTestPackage.VerifyBrokenLinkChrome" time="0.032" errors="0" timestamp="2024-05-30T10:47:34 WAT" skipped="0">
  <testcase classname="com.MavenTestPackage.VerifyBrokenLinkChrome" name="getLinks" time="0.032"/>
</testsuite> <!-- com.MavenTestPackage.VerifyBrokenLinkChrome -->
