<?xml version="1.0" encoding="UTF-8"?>
<!-- Generated by org.testng.reporters.JUnitReportReporter -->
<testsuite hostname="MIVICS" failures="0" tests="1" name="com.MavenTestPackage.VerifyBrokenLinkFireFox" time="0.024" errors="0" timestamp="2024-05-30T10:47:00 WAT" skipped="0">
  <testcase classname="com.MavenTestPackage.VerifyBrokenLinkFireFox" name="getLinks" time="0.024"/>
</testsuite> <!-- com.MavenTestPackage.VerifyBrokenLinkFireFox -->
