<?xml version="1.0" encoding="UTF-8"?>
<!-- Generated by org.testng.reporters.JUnitReportReporter -->
<testsuite hostname="MIVICS" failures="0" tests="2" name="com.MavenTestPackage.BrokenLinkTextChrome" time="16.313" errors="0" timestamp="2024-05-30T13:57:34 WAT" skipped="0">
  <testcase classname="com.MavenTestPackage.BrokenLinkTextChrome" name="getLinks" time="0.923"/>
  <testcase classname="com.MavenTestPackage.BrokenLinkTextChrome" name="verifyBrokenLinksChrome" time="15.390"/>
</testsuite> <!-- com.MavenTestPackage.BrokenLinkTextChrome -->
