<?xml version="1.0" encoding="UTF-8"?>
<!-- Generated by org.testng.reporters.JUnitReportReporter -->
<testsuite hostname="MIVICS" failures="0" tests="1" name="com.MavenTestPackage.FirstClass" time="0.029" errors="0" timestamp="2024-05-28T22:48:02 WAT" skipped="0">
  <testcase classname="com.MavenTestPackage.FirstClass" name="myname" time="0.029"/>
</testsuite> <!-- com.MavenTestPackage.FirstClass -->
